<?xml version="1.0" encoding="UTF-8"?>
<!-- Generated by org.testng.reporters.JUnitReportReporter -->
<testsuite hostname="DESKTOP-JMVN1F4" failures="0" tests="1" name="com.Webtests.Sampletest" time="18.337" errors="0" timestamp="2025-10-18T00:54:20 IST" skipped="0">
  <testcase classname="com.Webtests.Sampletest" name="f" time="18.337"/>
  <system-out/>
</testsuite> <!-- com.Webtests.Sampletest -->
